06-01-2022 12:36:28.502 [main] INFO 
				com.PayMyBuddy.PayMyBuddyApplication.logStarting - Starting PayMyBuddyApplication using Java 11 on DESKTOP-Q0H09QF with PID 5396 (C:\dev\P6\OC_P6_PayMyBuddy\target\classes started by Megaport in C:\dev\P6\OC_P6_PayMyBuddy)
06-01-2022 12:36:28.509 [main] INFO 
				com.PayMyBuddy.PayMyBuddyApplication.logStartupProfileInfo - No active profile set, falling back to default profiles: default
06-01-2022 12:36:29.502 [main] INFO 
				o.s.d.r.c.RepositoryConfigurationDelegate.registerRepositoriesIn - Bootstrapping Spring Data JPA repositories in DEFAULT mode.
06-01-2022 12:36:29.571 [main] INFO 
				o.s.d.r.c.RepositoryConfigurationDelegate.registerRepositoriesIn - Finished Spring Data repository scanning in 59 ms. Found 4 JPA repository interfaces.
06-01-2022 12:36:30.245 [main] INFO 
				o.s.b.w.e.tomcat.TomcatWebServer.initialize - Tomcat initialized with port(s): 8080 (http)
06-01-2022 12:36:30.259 [main] INFO 
				o.a.coyote.http11.Http11NioProtocol.log - Initializing ProtocolHandler ["http-nio-8080"]
06-01-2022 12:36:30.259 [main] INFO 
				o.a.catalina.core.StandardService.log - Starting service [Tomcat]
06-01-2022 12:36:30.259 [main] INFO 
				o.a.catalina.core.StandardEngine.log - Starting Servlet engine: [Apache Tomcat/9.0.55]
06-01-2022 12:36:30.369 [main] INFO 
				o.a.c.c.C.[Tomcat].[localhost].[/].log - Initializing Spring embedded WebApplicationContext
06-01-2022 12:36:30.369 [main] INFO 
				o.s.b.w.s.c.ServletWebServerApplicationContext.prepareWebApplicationContext - Root WebApplicationContext: initialization completed in 1817 ms
06-01-2022 12:36:30.677 [main] INFO 
				com.zaxxer.hikari.HikariDataSource.getConnection - HikariPool-1 - Starting...
06-01-2022 12:36:30.863 [main] INFO 
				com.zaxxer.hikari.HikariDataSource.getConnection - HikariPool-1 - Start completed.
06-01-2022 12:36:31.045 [main] INFO 
				o.h.jpa.internal.util.LogHelper.logPersistenceUnitInformation - HHH000204: Processing PersistenceUnitInfo [name: default]
06-01-2022 12:36:31.121 [main] INFO 
				org.hibernate.Version.logVersion - HHH000412: Hibernate ORM core version 5.6.1.Final
06-01-2022 12:36:31.342 [main] INFO 
				o.h.annotations.common.Version.<clinit> - HCANN000001: Hibernate Commons Annotations {5.1.2.Final}
06-01-2022 12:36:31.515 [main] INFO 
				org.hibernate.dialect.Dialect.<init> - HHH000400: Using dialect: org.hibernate.dialect.MySQL8Dialect
06-01-2022 12:36:32.057 [main] INFO 
				org.hibernate.tuple.PojoInstantiator.<init> - HHH000182: No default (no-argument) constructor for class: com.PayMyBuddy.models.Balance (class must be instantiated by Interceptor)
06-01-2022 12:36:32.279 [main] INFO 
				o.h.e.t.j.p.i.JtaPlatformInitiator.initiateService - HHH000490: Using JtaPlatform implementation: [org.hibernate.engine.transaction.jta.platform.internal.NoJtaPlatform]
06-01-2022 12:36:32.286 [main] INFO 
				o.s.o.j.LocalContainerEntityManagerFactoryBean.buildNativeEntityManagerFactory - Initialized JPA EntityManagerFactory for persistence unit 'default'
06-01-2022 12:36:32.334 [main] WARN 
				o.s.b.a.o.j.JpaBaseConfiguration$JpaWebConfiguration.openEntityManagerInViewInterceptor - spring.jpa.open-in-view is enabled by default. Therefore, database queries may be performed during view rendering. Explicitly configure spring.jpa.open-in-view to disable this warning
06-01-2022 12:36:32.956 [main] INFO 
				com.PayMyBuddy.services.UserService.passwordEncoder - in passwordEncoder @Bean
06-01-2022 12:36:33.207 [main] INFO 
				o.s.s.web.DefaultSecurityFilterChain.<init> - Will secure any request with [org.springframework.security.web.context.request.async.WebAsyncManagerIntegrationFilter@7894a250, org.springframework.security.web.context.SecurityContextPersistenceFilter@71d8794f, org.springframework.security.web.header.HeaderWriterFilter@3e8995cc, org.springframework.security.web.authentication.logout.LogoutFilter@55e02661, org.springframework.security.web.authentication.UsernamePasswordAuthenticationFilter@2e17a9e6, org.springframework.security.web.savedrequest.RequestCacheAwareFilter@9cdf13e, org.springframework.security.web.servletapi.SecurityContextHolderAwareRequestFilter@1b1d93e9, org.springframework.security.web.authentication.AnonymousAuthenticationFilter@1bd53c5c, org.springframework.security.web.session.SessionManagementFilter@969c2f9, org.springframework.security.web.access.ExceptionTranslationFilter@69862a1, org.springframework.security.web.access.intercept.FilterSecurityInterceptor@7842260f]
06-01-2022 12:36:33.612 [main] INFO 
				o.s.b.a.w.s.WelcomePageHandlerMapping.<init> - Adding welcome page template: index
06-01-2022 12:36:34.252 [main] INFO 
				o.s.b.a.e.web.EndpointLinksResolver.<init> - Exposing 3 endpoint(s) beneath base path '/actuator'
06-01-2022 12:36:34.296 [main] INFO 
				o.a.coyote.http11.Http11NioProtocol.log - Starting ProtocolHandler ["http-nio-8080"]
06-01-2022 12:36:34.323 [main] INFO 
				o.s.b.w.e.tomcat.TomcatWebServer.start - Tomcat started on port(s): 8080 (http) with context path ''
06-01-2022 12:36:34.335 [main] INFO 
				com.PayMyBuddy.PayMyBuddyApplication.logStarted - Started PayMyBuddyApplication in 6.172 seconds (JVM running for 7.32)
06-01-2022 12:36:35.169 [RMI TCP Connection(3)-127.0.0.1] INFO 
				o.a.c.c.C.[Tomcat].[localhost].[/].log - Initializing Spring DispatcherServlet 'dispatcherServlet'
06-01-2022 12:36:35.171 [RMI TCP Connection(3)-127.0.0.1] INFO 
				o.s.web.servlet.DispatcherServlet.initServletBean - Initializing Servlet 'dispatcherServlet'
06-01-2022 12:36:35.172 [RMI TCP Connection(3)-127.0.0.1] INFO 
				o.s.web.servlet.DispatcherServlet.initServletBean - Completed initialization in 1 ms
06-01-2022 12:36:50.630 [http-nio-8080-exec-6] INFO 
				c.P.services.UserDetailsServiceImpl.loadUserByUsername - in UserDetailsServiceImpl
06-01-2022 12:36:50.853 [http-nio-8080-exec-6] WARN 
				o.a.c.util.SessionIdGeneratorBase.log - Creation of SecureRandom instance for session ID generation using [SHA1PRNG] took [143] milliseconds.
06-01-2022 12:37:05.908 [http-nio-8080-exec-8] INFO 
				c.P.services.UserDetailsServiceImpl.loadUserByUsername - in UserDetailsServiceImpl
06-01-2022 12:41:47.193 [main] INFO 
				o.s.b.t.c.SpringBootTestContextBootstrapper.buildDefaultMergedContextConfiguration - Neither @ContextConfiguration nor @ContextHierarchy found for test class [com.PayMyBuddy.PayMyBuddyApplicationTests], using SpringBootContextLoader
06-01-2022 12:41:47.200 [main] INFO 
				o.s.t.c.s.AbstractContextLoader.generateDefaultLocations - Could not detect default resource locations for test class [com.PayMyBuddy.PayMyBuddyApplicationTests]: no resource found for suffixes {-context.xml, Context.groovy}.
06-01-2022 12:41:47.201 [main] INFO 
				o.s.t.c.s.AnnotationConfigContextLoaderUtils.detectDefaultConfigurationClasses - Could not detect default configuration classes for test class [com.PayMyBuddy.PayMyBuddyApplicationTests]: PayMyBuddyApplicationTests does not declare any static, non-private, non-final, nested classes annotated with @Configuration.
06-01-2022 12:41:47.325 [main] INFO 
				o.s.b.t.c.SpringBootTestContextBootstrapper.getOrFindConfigurationClasses - Found @SpringBootConfiguration com.PayMyBuddy.PayMyBuddyApplication for test class com.PayMyBuddy.PayMyBuddyApplicationTests
06-01-2022 12:41:47.436 [main] INFO 
				o.s.b.t.c.SpringBootTestContextBootstrapper.getDefaultTestExecutionListenerClassNames - Loaded default TestExecutionListener class names from location [META-INF/spring.factories]: [org.springframework.boot.test.mock.mockito.MockitoTestExecutionListener, org.springframework.boot.test.mock.mockito.ResetMocksTestExecutionListener, org.springframework.boot.test.autoconfigure.restdocs.RestDocsTestExecutionListener, org.springframework.boot.test.autoconfigure.web.client.MockRestServiceServerResetTestExecutionListener, org.springframework.boot.test.autoconfigure.web.servlet.MockMvcPrintOnlyOnFailureTestExecutionListener, org.springframework.boot.test.autoconfigure.web.servlet.WebDriverTestExecutionListener, org.springframework.boot.test.autoconfigure.webservices.client.MockWebServiceServerTestExecutionListener, org.springframework.test.context.web.ServletTestExecutionListener, org.springframework.test.context.support.DirtiesContextBeforeModesTestExecutionListener, org.springframework.test.context.event.ApplicationEventsTestExecutionListener, org.springframework.test.context.support.DependencyInjectionTestExecutionListener, org.springframework.test.context.support.DirtiesContextTestExecutionListener, org.springframework.test.context.transaction.TransactionalTestExecutionListener, org.springframework.test.context.jdbc.SqlScriptsTestExecutionListener, org.springframework.test.context.event.EventPublishingTestExecutionListener, org.springframework.security.test.context.support.WithSecurityContextTestExecutionListener, org.springframework.security.test.context.support.ReactorContextTestExecutionListener]
06-01-2022 12:41:47.465 [main] INFO 
				o.s.b.t.c.SpringBootTestContextBootstrapper.getTestExecutionListeners - Using TestExecutionListeners: [org.springframework.test.context.web.ServletTestExecutionListener@16423501, org.springframework.test.context.support.DirtiesContextBeforeModesTestExecutionListener@4efcf8a, org.springframework.test.context.event.ApplicationEventsTestExecutionListener@7a138fc5, org.springframework.boot.test.mock.mockito.MockitoTestExecutionListener@379ab47b, org.springframework.boot.test.autoconfigure.SpringBootDependencyInjectionTestExecutionListener@307765b4, org.springframework.test.context.support.DirtiesContextTestExecutionListener@4a9e6faf, org.springframework.test.context.transaction.TransactionalTestExecutionListener@2c95ac9e, org.springframework.test.context.jdbc.SqlScriptsTestExecutionListener@4e4efc1b, org.springframework.test.context.event.EventPublishingTestExecutionListener@459f7aa3, org.springframework.security.test.context.support.WithSecurityContextTestExecutionListener@7cc586a8, org.springframework.security.test.context.support.ReactorContextTestExecutionListener@7db534f2, org.springframework.boot.test.mock.mockito.ResetMocksTestExecutionListener@44a2b17b, org.springframework.boot.test.autoconfigure.restdocs.RestDocsTestExecutionListener@7a56812e, org.springframework.boot.test.autoconfigure.web.client.MockRestServiceServerResetTestExecutionListener@2a76b80a, org.springframework.boot.test.autoconfigure.web.servlet.MockMvcPrintOnlyOnFailureTestExecutionListener@7eb01b12, org.springframework.boot.test.autoconfigure.web.servlet.WebDriverTestExecutionListener@2f4854d6, org.springframework.boot.test.autoconfigure.webservices.client.MockWebServiceServerTestExecutionListener@61d9efe0]
06-01-2022 12:41:47.832 [main] INFO 
				c.P.PayMyBuddyApplicationTests.logStarting - Starting PayMyBuddyApplicationTests using Java 11 on DESKTOP-Q0H09QF with PID 9120 (started by Megaport in C:\dev\P6\OC_P6_PayMyBuddy)
06-01-2022 12:41:47.838 [main] INFO 
				c.P.PayMyBuddyApplicationTests.logStartupProfileInfo - No active profile set, falling back to default profiles: default
06-01-2022 12:41:49.040 [main] INFO 
				o.s.d.r.c.RepositoryConfigurationDelegate.registerRepositoriesIn - Bootstrapping Spring Data JPA repositories in DEFAULT mode.
06-01-2022 12:41:49.185 [main] INFO 
				o.s.d.r.c.RepositoryConfigurationDelegate.registerRepositoriesIn - Finished Spring Data repository scanning in 125 ms. Found 4 JPA repository interfaces.
06-01-2022 12:41:50.063 [main] INFO 
				com.zaxxer.hikari.HikariDataSource.getConnection - HikariPool-1 - Starting...
06-01-2022 12:41:50.423 [main] INFO 
				com.zaxxer.hikari.HikariDataSource.getConnection - HikariPool-1 - Start completed.
06-01-2022 12:41:50.628 [main] INFO 
				o.h.jpa.internal.util.LogHelper.logPersistenceUnitInformation - HHH000204: Processing PersistenceUnitInfo [name: default]
06-01-2022 12:41:50.709 [main] INFO 
				org.hibernate.Version.logVersion - HHH000412: Hibernate ORM core version 5.6.1.Final
06-01-2022 12:41:51.015 [main] INFO 
				o.h.annotations.common.Version.<clinit> - HCANN000001: Hibernate Commons Annotations {5.1.2.Final}
06-01-2022 12:41:51.361 [main] INFO 
				org.hibernate.dialect.Dialect.<init> - HHH000400: Using dialect: org.hibernate.dialect.MySQL8Dialect
06-01-2022 12:41:52.303 [main] INFO 
				org.hibernate.tuple.PojoInstantiator.<init> - HHH000182: No default (no-argument) constructor for class: com.PayMyBuddy.models.Balance (class must be instantiated by Interceptor)
06-01-2022 12:41:52.531 [main] INFO 
				o.h.e.t.j.p.i.JtaPlatformInitiator.initiateService - HHH000490: Using JtaPlatform implementation: [org.hibernate.engine.transaction.jta.platform.internal.NoJtaPlatform]
06-01-2022 12:41:52.543 [main] INFO 
				o.s.o.j.LocalContainerEntityManagerFactoryBean.buildNativeEntityManagerFactory - Initialized JPA EntityManagerFactory for persistence unit 'default'
06-01-2022 12:41:52.642 [main] WARN 
				o.s.b.a.o.j.JpaBaseConfiguration$JpaWebConfiguration.openEntityManagerInViewInterceptor - spring.jpa.open-in-view is enabled by default. Therefore, database queries may be performed during view rendering. Explicitly configure spring.jpa.open-in-view to disable this warning
06-01-2022 12:41:54.210 [main] INFO 
				o.s.s.web.DefaultSecurityFilterChain.<init> - Will secure any request with [org.springframework.security.web.context.request.async.WebAsyncManagerIntegrationFilter@69efdfd9, org.springframework.security.web.context.SecurityContextPersistenceFilter@85b9f9c, org.springframework.security.web.header.HeaderWriterFilter@1c96bf1e, org.springframework.security.web.authentication.logout.LogoutFilter@6e3acd7, org.springframework.security.web.authentication.UsernamePasswordAuthenticationFilter@2162598, org.springframework.security.web.savedrequest.RequestCacheAwareFilter@75b6bd41, org.springframework.security.web.servletapi.SecurityContextHolderAwareRequestFilter@341141ab, org.springframework.security.web.authentication.AnonymousAuthenticationFilter@1c149539, org.springframework.security.web.session.SessionManagementFilter@402fdef1, org.springframework.security.web.access.ExceptionTranslationFilter@377d55, org.springframework.security.web.access.intercept.FilterSecurityInterceptor@4a532271]
06-01-2022 12:41:54.306 [main] INFO 
				com.PayMyBuddy.services.UserService.passwordEncoder - in passwordEncoder @Bean
06-01-2022 12:41:54.979 [main] INFO 
				o.s.b.a.w.s.WelcomePageHandlerMapping.<init> - Adding welcome page template: index
06-01-2022 12:41:55.697 [main] INFO 
				o.s.b.a.e.web.EndpointLinksResolver.<init> - Exposing 3 endpoint(s) beneath base path '/actuator'
06-01-2022 12:41:55.750 [main] INFO 
				c.P.PayMyBuddyApplicationTests.logStarted - Started PayMyBuddyApplicationTests in 8.217 seconds (JVM running for 9.578)
06-01-2022 12:41:56.076 [SpringApplicationShutdownHook] INFO 
				o.s.o.j.LocalContainerEntityManagerFactoryBean.destroy - Closing JPA EntityManagerFactory for persistence unit 'default'
06-01-2022 12:41:56.080 [SpringApplicationShutdownHook] INFO 
				com.zaxxer.hikari.HikariDataSource.close - HikariPool-1 - Shutdown initiated...
06-01-2022 12:41:56.095 [SpringApplicationShutdownHook] INFO 
				com.zaxxer.hikari.HikariDataSource.close - HikariPool-1 - Shutdown completed.
06-01-2022 12:43:07.671 [RMI TCP Connection(17)-127.0.0.1] INFO 
				o.s.b.a.SpringApplicationAdminMXBeanRegistrar$SpringApplicationAdmin.shutdown - Application shutdown requested.
06-01-2022 12:43:07.817 [RMI TCP Connection(17)-127.0.0.1] INFO 
				o.s.o.j.LocalContainerEntityManagerFactoryBean.destroy - Closing JPA EntityManagerFactory for persistence unit 'default'
06-01-2022 12:43:07.821 [RMI TCP Connection(17)-127.0.0.1] INFO 
				com.zaxxer.hikari.HikariDataSource.close - HikariPool-1 - Shutdown initiated...
06-01-2022 12:43:07.832 [RMI TCP Connection(17)-127.0.0.1] INFO 
				com.zaxxer.hikari.HikariDataSource.close - HikariPool-1 - Shutdown completed.
06-01-2022 12:44:35.619 [main] INFO 
				com.PayMyBuddy.PayMyBuddyApplication.logStarting - Starting PayMyBuddyApplication using Java 11 on DESKTOP-Q0H09QF with PID 11440 (C:\dev\P6\OC_P6_PayMyBuddy\target\classes started by Megaport in C:\dev\P6\OC_P6_PayMyBuddy)
06-01-2022 12:44:35.620 [main] INFO 
				com.PayMyBuddy.PayMyBuddyApplication.logStartupProfileInfo - No active profile set, falling back to default profiles: default
06-01-2022 12:44:36.397 [main] INFO 
				o.s.d.r.c.RepositoryConfigurationDelegate.registerRepositoriesIn - Bootstrapping Spring Data JPA repositories in DEFAULT mode.
06-01-2022 12:44:36.453 [main] INFO 
				o.s.d.r.c.RepositoryConfigurationDelegate.registerRepositoriesIn - Finished Spring Data repository scanning in 48 ms. Found 4 JPA repository interfaces.
06-01-2022 12:44:36.966 [main] INFO 
				o.s.b.w.e.tomcat.TomcatWebServer.initialize - Tomcat initialized with port(s): 8080 (http)
06-01-2022 12:44:36.974 [main] INFO 
				o.a.coyote.http11.Http11NioProtocol.log - Initializing ProtocolHandler ["http-nio-8080"]
06-01-2022 12:44:36.974 [main] INFO 
				o.a.catalina.core.StandardService.log - Starting service [Tomcat]
06-01-2022 12:44:36.975 [main] INFO 
				o.a.catalina.core.StandardEngine.log - Starting Servlet engine: [Apache Tomcat/9.0.55]
06-01-2022 12:44:37.064 [main] INFO 
				o.a.c.c.C.[Tomcat].[localhost].[/].log - Initializing Spring embedded WebApplicationContext
06-01-2022 12:44:37.064 [main] INFO 
				o.s.b.w.s.c.ServletWebServerApplicationContext.prepareWebApplicationContext - Root WebApplicationContext: initialization completed in 1409 ms
06-01-2022 12:44:37.330 [main] INFO 
				com.zaxxer.hikari.HikariDataSource.getConnection - HikariPool-1 - Starting...
06-01-2022 12:44:37.460 [main] INFO 
				com.zaxxer.hikari.HikariDataSource.getConnection - HikariPool-1 - Start completed.
06-01-2022 12:44:37.575 [main] INFO 
				o.h.jpa.internal.util.LogHelper.logPersistenceUnitInformation - HHH000204: Processing PersistenceUnitInfo [name: default]
06-01-2022 12:44:37.630 [main] INFO 
				org.hibernate.Version.logVersion - HHH000412: Hibernate ORM core version 5.6.1.Final
06-01-2022 12:44:37.777 [main] INFO 
				o.h.annotations.common.Version.<clinit> - HCANN000001: Hibernate Commons Annotations {5.1.2.Final}
06-01-2022 12:44:37.896 [main] INFO 
				org.hibernate.dialect.Dialect.<init> - HHH000400: Using dialect: org.hibernate.dialect.MySQL8Dialect
06-01-2022 12:44:38.330 [main] INFO 
				org.hibernate.tuple.PojoInstantiator.<init> - HHH000182: No default (no-argument) constructor for class: com.PayMyBuddy.models.Balance (class must be instantiated by Interceptor)
06-01-2022 12:44:38.511 [main] INFO 
				o.h.e.t.j.p.i.JtaPlatformInitiator.initiateService - HHH000490: Using JtaPlatform implementation: [org.hibernate.engine.transaction.jta.platform.internal.NoJtaPlatform]
06-01-2022 12:44:38.518 [main] INFO 
				o.s.o.j.LocalContainerEntityManagerFactoryBean.buildNativeEntityManagerFactory - Initialized JPA EntityManagerFactory for persistence unit 'default'
06-01-2022 12:44:38.559 [main] WARN 
				o.s.b.a.o.j.JpaBaseConfiguration$JpaWebConfiguration.openEntityManagerInViewInterceptor - spring.jpa.open-in-view is enabled by default. Therefore, database queries may be performed during view rendering. Explicitly configure spring.jpa.open-in-view to disable this warning
06-01-2022 12:44:39.316 [main] INFO 
				o.s.s.web.DefaultSecurityFilterChain.<init> - Will secure any request with [org.springframework.security.web.context.request.async.WebAsyncManagerIntegrationFilter@42a89cef, org.springframework.security.web.context.SecurityContextPersistenceFilter@fe38d1e, org.springframework.security.web.header.HeaderWriterFilter@3c98eaa9, org.springframework.security.web.authentication.logout.LogoutFilter@58fb5b8f, org.springframework.security.web.authentication.UsernamePasswordAuthenticationFilter@59043128, org.springframework.security.web.savedrequest.RequestCacheAwareFilter@4b8ac512, org.springframework.security.web.servletapi.SecurityContextHolderAwareRequestFilter@3b3dc752, org.springframework.security.web.authentication.AnonymousAuthenticationFilter@7f33ad20, org.springframework.security.web.session.SessionManagementFilter@1299fed3, org.springframework.security.web.access.ExceptionTranslationFilter@57cc0333, org.springframework.security.web.access.intercept.FilterSecurityInterceptor@4fbed6fc]
06-01-2022 12:44:39.351 [main] INFO 
				com.PayMyBuddy.services.UserService.passwordEncoder - in passwordEncoder @Bean
06-01-2022 12:44:39.721 [main] INFO 
				o.s.b.a.w.s.WelcomePageHandlerMapping.<init> - Adding welcome page template: index
06-01-2022 12:44:40.305 [main] INFO 
				o.s.b.a.e.web.EndpointLinksResolver.<init> - Exposing 3 endpoint(s) beneath base path '/actuator'
06-01-2022 12:44:40.351 [main] INFO 
				o.a.coyote.http11.Http11NioProtocol.log - Starting ProtocolHandler ["http-nio-8080"]
06-01-2022 12:44:40.371 [main] INFO 
				o.s.b.w.e.tomcat.TomcatWebServer.start - Tomcat started on port(s): 8080 (http) with context path ''
06-01-2022 12:44:40.382 [main] INFO 
				com.PayMyBuddy.PayMyBuddyApplication.logStarted - Started PayMyBuddyApplication in 5.04 seconds (JVM running for 5.849)
06-01-2022 12:44:42.151 [RMI TCP Connection(3)-127.0.0.1] INFO 
				o.a.c.c.C.[Tomcat].[localhost].[/].log - Initializing Spring DispatcherServlet 'dispatcherServlet'
06-01-2022 12:44:42.152 [RMI TCP Connection(3)-127.0.0.1] INFO 
				o.s.web.servlet.DispatcherServlet.initServletBean - Initializing Servlet 'dispatcherServlet'
06-01-2022 12:44:42.154 [RMI TCP Connection(3)-127.0.0.1] INFO 
				o.s.web.servlet.DispatcherServlet.initServletBean - Completed initialization in 2 ms
06-01-2022 12:44:50.576 [RMI TCP Connection(6)-127.0.0.1] INFO 
				o.s.b.a.SpringApplicationAdminMXBeanRegistrar$SpringApplicationAdmin.shutdown - Application shutdown requested.
06-01-2022 12:44:50.712 [RMI TCP Connection(6)-127.0.0.1] INFO 
				o.s.o.j.LocalContainerEntityManagerFactoryBean.destroy - Closing JPA EntityManagerFactory for persistence unit 'default'
06-01-2022 12:44:50.714 [RMI TCP Connection(6)-127.0.0.1] INFO 
				com.zaxxer.hikari.HikariDataSource.close - HikariPool-1 - Shutdown initiated...
06-01-2022 12:44:50.723 [RMI TCP Connection(6)-127.0.0.1] INFO 
				com.zaxxer.hikari.HikariDataSource.close - HikariPool-1 - Shutdown completed.
06-01-2022 12:44:53.930 [main] INFO 
				com.PayMyBuddy.PayMyBuddyApplication.logStarting - Starting PayMyBuddyApplication using Java 11 on DESKTOP-Q0H09QF with PID 12916 (C:\dev\P6\OC_P6_PayMyBuddy\target\classes started by Megaport in C:\dev\P6\OC_P6_PayMyBuddy)
06-01-2022 12:44:53.932 [main] INFO 
				com.PayMyBuddy.PayMyBuddyApplication.logStartupProfileInfo - No active profile set, falling back to default profiles: default
06-01-2022 12:44:54.640 [main] INFO 
				o.s.d.r.c.RepositoryConfigurationDelegate.registerRepositoriesIn - Bootstrapping Spring Data JPA repositories in DEFAULT mode.
06-01-2022 12:44:54.696 [main] INFO 
				o.s.d.r.c.RepositoryConfigurationDelegate.registerRepositoriesIn - Finished Spring Data repository scanning in 48 ms. Found 4 JPA repository interfaces.
06-01-2022 12:44:55.214 [main] INFO 
				o.s.b.w.e.tomcat.TomcatWebServer.initialize - Tomcat initialized with port(s): 8080 (http)
06-01-2022 12:44:55.223 [main] INFO 
				o.a.coyote.http11.Http11NioProtocol.log - Initializing ProtocolHandler ["http-nio-8080"]
06-01-2022 12:44:55.223 [main] INFO 
				o.a.catalina.core.StandardService.log - Starting service [Tomcat]
06-01-2022 12:44:55.223 [main] INFO 
				o.a.catalina.core.StandardEngine.log - Starting Servlet engine: [Apache Tomcat/9.0.55]
06-01-2022 12:44:55.311 [main] INFO 
				o.a.c.c.C.[Tomcat].[localhost].[/].log - Initializing Spring embedded WebApplicationContext
06-01-2022 12:44:55.312 [main] INFO 
				o.s.b.w.s.c.ServletWebServerApplicationContext.prepareWebApplicationContext - Root WebApplicationContext: initialization completed in 1347 ms
06-01-2022 12:44:55.564 [main] INFO 
				com.zaxxer.hikari.HikariDataSource.getConnection - HikariPool-1 - Starting...
06-01-2022 12:44:55.694 [main] INFO 
				com.zaxxer.hikari.HikariDataSource.getConnection - HikariPool-1 - Start completed.
06-01-2022 12:44:55.808 [main] INFO 
				o.h.jpa.internal.util.LogHelper.logPersistenceUnitInformation - HHH000204: Processing PersistenceUnitInfo [name: default]
06-01-2022 12:44:55.859 [main] INFO 
				org.hibernate.Version.logVersion - HHH000412: Hibernate ORM core version 5.6.1.Final
06-01-2022 12:44:56.001 [main] INFO 
				o.h.annotations.common.Version.<clinit> - HCANN000001: Hibernate Commons Annotations {5.1.2.Final}
06-01-2022 12:44:56.116 [main] INFO 
				org.hibernate.dialect.Dialect.<init> - HHH000400: Using dialect: org.hibernate.dialect.MySQL8Dialect
06-01-2022 12:44:56.558 [main] INFO 
				org.hibernate.tuple.PojoInstantiator.<init> - HHH000182: No default (no-argument) constructor for class: com.PayMyBuddy.models.Balance (class must be instantiated by Interceptor)
06-01-2022 12:44:56.728 [main] INFO 
				o.h.e.t.j.p.i.JtaPlatformInitiator.initiateService - HHH000490: Using JtaPlatform implementation: [org.hibernate.engine.transaction.jta.platform.internal.NoJtaPlatform]
06-01-2022 12:44:56.736 [main] INFO 
				o.s.o.j.LocalContainerEntityManagerFactoryBean.buildNativeEntityManagerFactory - Initialized JPA EntityManagerFactory for persistence unit 'default'
06-01-2022 12:44:56.779 [main] WARN 
				o.s.b.a.o.j.JpaBaseConfiguration$JpaWebConfiguration.openEntityManagerInViewInterceptor - spring.jpa.open-in-view is enabled by default. Therefore, database queries may be performed during view rendering. Explicitly configure spring.jpa.open-in-view to disable this warning
06-01-2022 12:44:57.460 [main] INFO 
				o.s.s.web.DefaultSecurityFilterChain.<init> - Will secure any request with [org.springframework.security.web.context.request.async.WebAsyncManagerIntegrationFilter@5ce1ec7, org.springframework.security.web.context.SecurityContextPersistenceFilter@949165f, org.springframework.security.web.header.HeaderWriterFilter@1d9cac6e, org.springframework.security.web.authentication.logout.LogoutFilter@1299fed3, org.springframework.security.web.authentication.UsernamePasswordAuthenticationFilter@71d8794f, org.springframework.security.web.savedrequest.RequestCacheAwareFilter@1a0e5c0c, org.springframework.security.web.servletapi.SecurityContextHolderAwareRequestFilter@f047670, org.springframework.security.web.authentication.AnonymousAuthenticationFilter@627cb3ed, org.springframework.security.web.session.SessionManagementFilter@6abca7a6, org.springframework.security.web.access.ExceptionTranslationFilter@7692c0e9, org.springframework.security.web.access.intercept.FilterSecurityInterceptor@7da0587a]
06-01-2022 12:44:57.494 [main] INFO 
				com.PayMyBuddy.services.UserService.passwordEncoder - in passwordEncoder @Bean
06-01-2022 12:44:57.807 [main] INFO 
				o.s.b.a.w.s.WelcomePageHandlerMapping.<init> - Adding welcome page template: index
06-01-2022 12:44:58.294 [main] INFO 
				o.s.b.a.e.web.EndpointLinksResolver.<init> - Exposing 3 endpoint(s) beneath base path '/actuator'
06-01-2022 12:44:58.330 [main] INFO 
				o.a.coyote.http11.Http11NioProtocol.log - Starting ProtocolHandler ["http-nio-8080"]
06-01-2022 12:44:58.346 [main] INFO 
				o.s.b.w.e.tomcat.TomcatWebServer.start - Tomcat started on port(s): 8080 (http) with context path ''
06-01-2022 12:44:58.357 [main] INFO 
				com.PayMyBuddy.PayMyBuddyApplication.logStarted - Started PayMyBuddyApplication in 4.677 seconds (JVM running for 5.434)
06-01-2022 12:44:59.254 [RMI TCP Connection(10)-127.0.0.1] INFO 
				o.a.c.c.C.[Tomcat].[localhost].[/].log - Initializing Spring DispatcherServlet 'dispatcherServlet'
06-01-2022 12:44:59.255 [RMI TCP Connection(10)-127.0.0.1] INFO 
				o.s.web.servlet.DispatcherServlet.initServletBean - Initializing Servlet 'dispatcherServlet'
06-01-2022 12:44:59.257 [RMI TCP Connection(10)-127.0.0.1] INFO 
				o.s.web.servlet.DispatcherServlet.initServletBean - Completed initialization in 2 ms
06-01-2022 12:45:11.339 [http-nio-8080-exec-6] INFO 
				c.P.services.UserDetailsServiceImpl.loadUserByUsername - loading User by username: 
06-01-2022 12:45:11.552 [http-nio-8080-exec-6] WARN 
				o.a.c.util.SessionIdGeneratorBase.log - Creation of SecureRandom instance for session ID generation using [SHA1PRNG] took [137] milliseconds.
06-01-2022 12:45:43.496 [RMI TCP Connection(11)-127.0.0.1] INFO 
				o.s.b.a.SpringApplicationAdminMXBeanRegistrar$SpringApplicationAdmin.shutdown - Application shutdown requested.
06-01-2022 12:45:43.638 [RMI TCP Connection(11)-127.0.0.1] INFO 
				o.s.o.j.LocalContainerEntityManagerFactoryBean.destroy - Closing JPA EntityManagerFactory for persistence unit 'default'
06-01-2022 12:45:43.640 [RMI TCP Connection(11)-127.0.0.1] INFO 
				com.zaxxer.hikari.HikariDataSource.close - HikariPool-1 - Shutdown initiated...
06-01-2022 12:45:43.649 [RMI TCP Connection(11)-127.0.0.1] INFO 
				com.zaxxer.hikari.HikariDataSource.close - HikariPool-1 - Shutdown completed.
06-01-2022 12:45:46.395 [main] INFO 
				com.PayMyBuddy.PayMyBuddyApplication.logStarting - Starting PayMyBuddyApplication using Java 11 on DESKTOP-Q0H09QF with PID 8800 (C:\dev\P6\OC_P6_PayMyBuddy\target\classes started by Megaport in C:\dev\P6\OC_P6_PayMyBuddy)
06-01-2022 12:45:46.398 [main] INFO 
				com.PayMyBuddy.PayMyBuddyApplication.logStartupProfileInfo - No active profile set, falling back to default profiles: default
06-01-2022 12:45:47.260 [main] INFO 
				o.s.d.r.c.RepositoryConfigurationDelegate.registerRepositoriesIn - Bootstrapping Spring Data JPA repositories in DEFAULT mode.
06-01-2022 12:45:47.334 [main] INFO 
				o.s.d.r.c.RepositoryConfigurationDelegate.registerRepositoriesIn - Finished Spring Data repository scanning in 64 ms. Found 4 JPA repository interfaces.
06-01-2022 12:45:47.979 [main] INFO 
				o.s.b.w.e.tomcat.TomcatWebServer.initialize - Tomcat initialized with port(s): 8080 (http)
06-01-2022 12:45:47.991 [main] INFO 
				o.a.coyote.http11.Http11NioProtocol.log - Initializing ProtocolHandler ["http-nio-8080"]
06-01-2022 12:45:47.991 [main] INFO 
				o.a.catalina.core.StandardService.log - Starting service [Tomcat]
06-01-2022 12:45:47.992 [main] INFO 
				o.a.catalina.core.StandardEngine.log - Starting Servlet engine: [Apache Tomcat/9.0.55]
06-01-2022 12:45:48.098 [main] INFO 
				o.a.c.c.C.[Tomcat].[localhost].[/].log - Initializing Spring embedded WebApplicationContext
06-01-2022 12:45:48.099 [main] INFO 
				o.s.b.w.s.c.ServletWebServerApplicationContext.prepareWebApplicationContext - Root WebApplicationContext: initialization completed in 1670 ms
06-01-2022 12:45:48.413 [main] INFO 
				com.zaxxer.hikari.HikariDataSource.getConnection - HikariPool-1 - Starting...
06-01-2022 12:45:48.570 [main] INFO 
				com.zaxxer.hikari.HikariDataSource.getConnection - HikariPool-1 - Start completed.
06-01-2022 12:45:48.724 [main] INFO 
				o.h.jpa.internal.util.LogHelper.logPersistenceUnitInformation - HHH000204: Processing PersistenceUnitInfo [name: default]
06-01-2022 12:45:48.779 [main] INFO 
				org.hibernate.Version.logVersion - HHH000412: Hibernate ORM core version 5.6.1.Final
06-01-2022 12:45:48.956 [main] INFO 
				o.h.annotations.common.Version.<clinit> - HCANN000001: Hibernate Commons Annotations {5.1.2.Final}
06-01-2022 12:45:49.094 [main] INFO 
				org.hibernate.dialect.Dialect.<init> - HHH000400: Using dialect: org.hibernate.dialect.MySQL8Dialect
06-01-2022 12:45:49.623 [main] INFO 
				org.hibernate.tuple.PojoInstantiator.<init> - HHH000182: No default (no-argument) constructor for class: com.PayMyBuddy.models.Balance (class must be instantiated by Interceptor)
06-01-2022 12:45:49.843 [main] INFO 
				o.h.e.t.j.p.i.JtaPlatformInitiator.initiateService - HHH000490: Using JtaPlatform implementation: [org.hibernate.engine.transaction.jta.platform.internal.NoJtaPlatform]
06-01-2022 12:45:49.853 [main] INFO 
				o.s.o.j.LocalContainerEntityManagerFactoryBean.buildNativeEntityManagerFactory - Initialized JPA EntityManagerFactory for persistence unit 'default'
06-01-2022 12:45:49.921 [main] WARN 
				o.s.b.a.o.j.JpaBaseConfiguration$JpaWebConfiguration.openEntityManagerInViewInterceptor - spring.jpa.open-in-view is enabled by default. Therefore, database queries may be performed during view rendering. Explicitly configure spring.jpa.open-in-view to disable this warning
06-01-2022 12:45:50.775 [main] INFO 
				o.s.s.web.DefaultSecurityFilterChain.<init> - Will secure any request with [org.springframework.security.web.context.request.async.WebAsyncManagerIntegrationFilter@7c55e559, org.springframework.security.web.context.SecurityContextPersistenceFilter@18419ab7, org.springframework.security.web.header.HeaderWriterFilter@27d44578, org.springframework.security.web.authentication.logout.LogoutFilter@32d3b965, org.springframework.security.web.authentication.UsernamePasswordAuthenticationFilter@29dcad7e, org.springframework.security.web.savedrequest.RequestCacheAwareFilter@4e22dadb, org.springframework.security.web.servletapi.SecurityContextHolderAwareRequestFilter@3c98eaa9, org.springframework.security.web.authentication.AnonymousAuthenticationFilter@420068a, org.springframework.security.web.session.SessionManagementFilter@7aad7df5, org.springframework.security.web.access.ExceptionTranslationFilter@5bb45afc, org.springframework.security.web.access.intercept.FilterSecurityInterceptor@467e7793]
06-01-2022 12:45:50.821 [main] INFO 
				com.PayMyBuddy.services.UserService.passwordEncoder - in passwordEncoder @Bean
06-01-2022 12:45:51.238 [main] INFO 
				o.s.b.a.w.s.WelcomePageHandlerMapping.<init> - Adding welcome page template: index
06-01-2022 12:45:51.838 [main] INFO 
				o.s.b.a.e.web.EndpointLinksResolver.<init> - Exposing 3 endpoint(s) beneath base path '/actuator'
06-01-2022 12:45:51.882 [main] INFO 
				o.a.coyote.http11.Http11NioProtocol.log - Starting ProtocolHandler ["http-nio-8080"]
06-01-2022 12:45:51.900 [main] INFO 
				o.s.b.w.e.tomcat.TomcatWebServer.start - Tomcat started on port(s): 8080 (http) with context path ''
06-01-2022 12:45:51.912 [main] INFO 
				com.PayMyBuddy.PayMyBuddyApplication.logStarted - Started PayMyBuddyApplication in 5.772 seconds (JVM running for 6.518)
06-01-2022 12:45:52.511 [RMI TCP Connection(3)-127.0.0.1] INFO 
				o.a.c.c.C.[Tomcat].[localhost].[/].log - Initializing Spring DispatcherServlet 'dispatcherServlet'
06-01-2022 12:45:52.512 [RMI TCP Connection(3)-127.0.0.1] INFO 
				o.s.web.servlet.DispatcherServlet.initServletBean - Initializing Servlet 'dispatcherServlet'
06-01-2022 12:45:52.514 [RMI TCP Connection(3)-127.0.0.1] INFO 
				o.s.web.servlet.DispatcherServlet.initServletBean - Completed initialization in 2 ms
06-01-2022 12:46:02.565 [http-nio-8080-exec-6] INFO 
				c.P.services.UserDetailsServiceImpl.loadUserByUsername - loading User by username: 
06-01-2022 12:46:02.774 [http-nio-8080-exec-6] WARN 
				o.a.c.util.SessionIdGeneratorBase.log - Creation of SecureRandom instance for session ID generation using [SHA1PRNG] took [133] milliseconds.
06-01-2022 12:47:49.206 [RMI TCP Connection(8)-127.0.0.1] INFO 
				o.s.b.a.SpringApplicationAdminMXBeanRegistrar$SpringApplicationAdmin.shutdown - Application shutdown requested.
06-01-2022 12:47:49.387 [RMI TCP Connection(8)-127.0.0.1] INFO 
				o.s.o.j.LocalContainerEntityManagerFactoryBean.destroy - Closing JPA EntityManagerFactory for persistence unit 'default'
06-01-2022 12:47:49.390 [RMI TCP Connection(8)-127.0.0.1] INFO 
				com.zaxxer.hikari.HikariDataSource.close - HikariPool-1 - Shutdown initiated...
06-01-2022 12:47:49.399 [RMI TCP Connection(8)-127.0.0.1] INFO 
				com.zaxxer.hikari.HikariDataSource.close - HikariPool-1 - Shutdown completed.
06-01-2022 12:47:52.842 [main] INFO 
				com.PayMyBuddy.PayMyBuddyApplication.logStarting - Starting PayMyBuddyApplication using Java 11 on DESKTOP-Q0H09QF with PID 12780 (C:\dev\P6\OC_P6_PayMyBuddy\target\classes started by Megaport in C:\dev\P6\OC_P6_PayMyBuddy)
06-01-2022 12:47:52.845 [main] INFO 
				com.PayMyBuddy.PayMyBuddyApplication.logStartupProfileInfo - No active profile set, falling back to default profiles: default
06-01-2022 12:47:53.782 [main] INFO 
				o.s.d.r.c.RepositoryConfigurationDelegate.registerRepositoriesIn - Bootstrapping Spring Data JPA repositories in DEFAULT mode.
06-01-2022 12:47:53.851 [main] INFO 
				o.s.d.r.c.RepositoryConfigurationDelegate.registerRepositoriesIn - Finished Spring Data repository scanning in 60 ms. Found 4 JPA repository interfaces.
06-01-2022 12:47:54.528 [main] INFO 
				o.s.b.w.e.tomcat.TomcatWebServer.initialize - Tomcat initialized with port(s): 8080 (http)
06-01-2022 12:47:54.539 [main] INFO 
				o.a.coyote.http11.Http11NioProtocol.log - Initializing ProtocolHandler ["http-nio-8080"]
06-01-2022 12:47:54.539 [main] INFO 
				o.a.catalina.core.StandardService.log - Starting service [Tomcat]
06-01-2022 12:47:54.540 [main] INFO 
				o.a.catalina.core.StandardEngine.log - Starting Servlet engine: [Apache Tomcat/9.0.55]
06-01-2022 12:47:54.640 [main] INFO 
				o.a.c.c.C.[Tomcat].[localhost].[/].log - Initializing Spring embedded WebApplicationContext
06-01-2022 12:47:54.641 [main] INFO 
				o.s.b.w.s.c.ServletWebServerApplicationContext.prepareWebApplicationContext - Root WebApplicationContext: initialization completed in 1750 ms
06-01-2022 12:47:54.982 [main] INFO 
				com.zaxxer.hikari.HikariDataSource.getConnection - HikariPool-1 - Starting...
06-01-2022 12:47:55.139 [main] INFO 
				com.zaxxer.hikari.HikariDataSource.getConnection - HikariPool-1 - Start completed.
06-01-2022 12:47:55.288 [main] INFO 
				o.h.jpa.internal.util.LogHelper.logPersistenceUnitInformation - HHH000204: Processing PersistenceUnitInfo [name: default]
06-01-2022 12:47:55.344 [main] INFO 
				org.hibernate.Version.logVersion - HHH000412: Hibernate ORM core version 5.6.1.Final
06-01-2022 12:47:55.522 [main] INFO 
				o.h.annotations.common.Version.<clinit> - HCANN000001: Hibernate Commons Annotations {5.1.2.Final}
06-01-2022 12:47:55.664 [main] INFO 
				org.hibernate.dialect.Dialect.<init> - HHH000400: Using dialect: org.hibernate.dialect.MySQL8Dialect
06-01-2022 12:47:56.208 [main] INFO 
				org.hibernate.tuple.PojoInstantiator.<init> - HHH000182: No default (no-argument) constructor for class: com.PayMyBuddy.models.Balance (class must be instantiated by Interceptor)
06-01-2022 12:47:56.431 [main] INFO 
				o.h.e.t.j.p.i.JtaPlatformInitiator.initiateService - HHH000490: Using JtaPlatform implementation: [org.hibernate.engine.transaction.jta.platform.internal.NoJtaPlatform]
06-01-2022 12:47:56.439 [main] INFO 
				o.s.o.j.LocalContainerEntityManagerFactoryBean.buildNativeEntityManagerFactory - Initialized JPA EntityManagerFactory for persistence unit 'default'
06-01-2022 12:47:56.498 [main] WARN 
				o.s.b.a.o.j.JpaBaseConfiguration$JpaWebConfiguration.openEntityManagerInViewInterceptor - spring.jpa.open-in-view is enabled by default. Therefore, database queries may be performed during view rendering. Explicitly configure spring.jpa.open-in-view to disable this warning
06-01-2022 12:47:57.365 [main] INFO 
				o.s.s.web.DefaultSecurityFilterChain.<init> - Will secure any request with [org.springframework.security.web.context.request.async.WebAsyncManagerIntegrationFilter@7afac89a, org.springframework.security.web.context.SecurityContextPersistenceFilter@6abca7a6, org.springframework.security.web.header.HeaderWriterFilter@75bbe39d, org.springframework.security.web.authentication.logout.LogoutFilter@755fdfad, org.springframework.security.web.authentication.UsernamePasswordAuthenticationFilter@969c2f9, org.springframework.security.web.savedrequest.RequestCacheAwareFilter@64710a6, org.springframework.security.web.servletapi.SecurityContextHolderAwareRequestFilter@5bb45afc, org.springframework.security.web.authentication.AnonymousAuthenticationFilter@76d220eb, org.springframework.security.web.session.SessionManagementFilter@3791160a, org.springframework.security.web.access.ExceptionTranslationFilter@5cbaafbd, org.springframework.security.web.access.intercept.FilterSecurityInterceptor@2c376461]
06-01-2022 12:47:57.409 [main] INFO 
				com.PayMyBuddy.services.UserService.passwordEncoder - in passwordEncoder @Bean
06-01-2022 12:47:57.830 [main] INFO 
				o.s.b.a.w.s.WelcomePageHandlerMapping.<init> - Adding welcome page template: index
06-01-2022 12:47:58.587 [main] INFO 
				o.s.b.a.e.web.EndpointLinksResolver.<init> - Exposing 3 endpoint(s) beneath base path '/actuator'
06-01-2022 12:47:58.635 [main] INFO 
				o.a.coyote.http11.Http11NioProtocol.log - Starting ProtocolHandler ["http-nio-8080"]
06-01-2022 12:47:58.655 [main] INFO 
				o.s.b.w.e.tomcat.TomcatWebServer.start - Tomcat started on port(s): 8080 (http) with context path ''
06-01-2022 12:47:58.668 [main] INFO 
				com.PayMyBuddy.PayMyBuddyApplication.logStarted - Started PayMyBuddyApplication in 6.225 seconds (JVM running for 7.332)
06-01-2022 12:48:01.290 [RMI TCP Connection(1)-127.0.0.1] INFO 
				o.a.c.c.C.[Tomcat].[localhost].[/].log - Initializing Spring DispatcherServlet 'dispatcherServlet'
06-01-2022 12:48:01.291 [RMI TCP Connection(1)-127.0.0.1] INFO 
				o.s.web.servlet.DispatcherServlet.initServletBean - Initializing Servlet 'dispatcherServlet'
06-01-2022 12:48:01.292 [RMI TCP Connection(1)-127.0.0.1] INFO 
				o.s.web.servlet.DispatcherServlet.initServletBean - Completed initialization in 1 ms
06-01-2022 12:48:35.427 [http-nio-8080-exec-8] INFO 
				c.P.services.UserDetailsServiceImpl.loadUserByUsername - loading User by username: 
06-01-2022 12:48:35.617 [http-nio-8080-exec-8] WARN 
				o.a.c.util.SessionIdGeneratorBase.log - Creation of SecureRandom instance for session ID generation using [SHA1PRNG] took [114] milliseconds.
06-01-2022 12:48:39.833 [RMI TCP Connection(8)-127.0.0.1] INFO 
				o.s.b.a.SpringApplicationAdminMXBeanRegistrar$SpringApplicationAdmin.shutdown - Application shutdown requested.
06-01-2022 12:48:39.967 [RMI TCP Connection(8)-127.0.0.1] INFO 
				o.s.o.j.LocalContainerEntityManagerFactoryBean.destroy - Closing JPA EntityManagerFactory for persistence unit 'default'
06-01-2022 12:48:39.969 [RMI TCP Connection(8)-127.0.0.1] INFO 
				com.zaxxer.hikari.HikariDataSource.close - HikariPool-1 - Shutdown initiated...
06-01-2022 12:48:39.978 [RMI TCP Connection(8)-127.0.0.1] INFO 
				com.zaxxer.hikari.HikariDataSource.close - HikariPool-1 - Shutdown completed.
